ERROR - 2026-01-29 10:31:52 --> mysqli_sql_exception: Table 'sphereintranet.card_data' doesn't exist in engine in C:\xampp\htdocs\sphereintranet\system\Database\MySQLi\Connection.php:327
Stack trace:
#0 C:\xampp\htdocs\sphereintranet\system\Database\MySQLi\Connection.php(327): mysqli->query('SHOW COLUMNS FR...', 0)
#1 C:\xampp\htdocs\sphereintranet\system\Database\BaseConnection.php(729): CodeIgniter\Database\MySQLi\Connection->execute('SHOW COLUMNS FR...')
#2 C:\xampp\htdocs\sphereintranet\system\Database\BaseConnection.php(646): CodeIgniter\Database\BaseConnection->simpleQuery('SHOW COLUMNS FR...')
#3 C:\xampp\htdocs\sphereintranet\system\Database\MySQLi\Connection.php(452): CodeIgniter\Database\BaseConnection->query('SHOW COLUMNS FR...')
#4 C:\xampp\htdocs\sphereintranet\system\Database\BaseConnection.php(1644): CodeIgniter\Database\MySQLi\Connection->_fieldData('`card_data`')
#5 C:\xampp\htdocs\sphereintranet\app\Controllers\Backend.php(16): CodeIgniter\Database\BaseConnection->getFieldData('card_data')
#6 C:\xampp\htdocs\sphereintranet\system\CodeIgniter.php(933): App\Controllers\Backend->index()
#7 C:\xampp\htdocs\sphereintranet\system\CodeIgniter.php(507): CodeIgniter\CodeIgniter->runController(Object(App\Controllers\Backend))
#8 C:\xampp\htdocs\sphereintranet\system\CodeIgniter.php(354): CodeIgniter\CodeIgniter->handleRequest(NULL, Object(Config\Cache), false)
#9 C:\xampp\htdocs\sphereintranet\system\Boot.php(363): CodeIgniter\CodeIgniter->run()
#10 C:\xampp\htdocs\sphereintranet\system\Boot.php(68): CodeIgniter\Boot::runCodeIgniter(Object(CodeIgniter\CodeIgniter))
#11 C:\xampp\htdocs\sphereintranet\index.php(59): CodeIgniter\Boot::bootWeb(Object(Config\Paths))
#12 {main}
CRITICAL - 2026-01-29 10:31:52 --> CodeIgniter\Database\Exceptions\DatabaseException: Table 'sphereintranet.card_data' doesn't exist in engine
[Method: GET, Route: backend]
in SYSTEMPATH\Database\BaseConnection.php on line 684.
 1 SYSTEMPATH\Database\MySQLi\Connection.php(452): CodeIgniter\Database\BaseConnection->query('SHOW COLUMNS FROM `card_data`')
 2 SYSTEMPATH\Database\BaseConnection.php(1644): CodeIgniter\Database\MySQLi\Connection->_fieldData('`card_data`')
 3 APPPATH\Controllers\Backend.php(16): CodeIgniter\Database\BaseConnection->getFieldData('card_data')
 4 SYSTEMPATH\CodeIgniter.php(933): App\Controllers\Backend->index()
 5 SYSTEMPATH\CodeIgniter.php(507): CodeIgniter\CodeIgniter->runController(Object(App\Controllers\Backend))
 6 SYSTEMPATH\CodeIgniter.php(354): CodeIgniter\CodeIgniter->handleRequest(null, Object(Config\Cache), false)
 7 SYSTEMPATH\Boot.php(363): CodeIgniter\CodeIgniter->run()
 8 SYSTEMPATH\Boot.php(68): CodeIgniter\Boot::runCodeIgniter(Object(CodeIgniter\CodeIgniter))
 9 FCPATH\index.php(59): CodeIgniter\Boot::bootWeb(Object(Config\Paths))
CRITICAL - 2026-01-29 10:31:52 --> [Caused by] CodeIgniter\Database\Exceptions\DatabaseException: Table 'sphereintranet.card_data' doesn't exist in engine
in SYSTEMPATH\Database\MySQLi\Connection.php on line 332.
 1 SYSTEMPATH\Database\BaseConnection.php(729): CodeIgniter\Database\MySQLi\Connection->execute('SHOW COLUMNS FROM `card_data`')
 2 SYSTEMPATH\Database\BaseConnection.php(646): CodeIgniter\Database\BaseConnection->simpleQuery('SHOW COLUMNS FROM `card_data`')
 3 SYSTEMPATH\Database\MySQLi\Connection.php(452): CodeIgniter\Database\BaseConnection->query('SHOW COLUMNS FROM `card_data`')
 4 SYSTEMPATH\Database\BaseConnection.php(1644): CodeIgniter\Database\MySQLi\Connection->_fieldData('`card_data`')
 5 APPPATH\Controllers\Backend.php(16): CodeIgniter\Database\BaseConnection->getFieldData('card_data')
 6 SYSTEMPATH\CodeIgniter.php(933): App\Controllers\Backend->index()
 7 SYSTEMPATH\CodeIgniter.php(507): CodeIgniter\CodeIgniter->runController(Object(App\Controllers\Backend))
 8 SYSTEMPATH\CodeIgniter.php(354): CodeIgniter\CodeIgniter->handleRequest(null, Object(Config\Cache), false)
 9 SYSTEMPATH\Boot.php(363): CodeIgniter\CodeIgniter->run()
10 SYSTEMPATH\Boot.php(68): CodeIgniter\Boot::runCodeIgniter(Object(CodeIgniter\CodeIgniter))
11 FCPATH\index.php(59): CodeIgniter\Boot::bootWeb(Object(Config\Paths))
CRITICAL - 2026-01-29 10:31:52 --> [Caused by] mysqli_sql_exception: Table 'sphereintranet.card_data' doesn't exist in engine
in SYSTEMPATH\Database\MySQLi\Connection.php on line 327.
 1 SYSTEMPATH\Database\MySQLi\Connection.php(327): mysqli->query('SHOW COLUMNS FROM `card_data`', 0)
 2 SYSTEMPATH\Database\BaseConnection.php(729): CodeIgniter\Database\MySQLi\Connection->execute('SHOW COLUMNS FROM `card_data`')
 3 SYSTEMPATH\Database\BaseConnection.php(646): CodeIgniter\Database\BaseConnection->simpleQuery('SHOW COLUMNS FROM `card_data`')
 4 SYSTEMPATH\Database\MySQLi\Connection.php(452): CodeIgniter\Database\BaseConnection->query('SHOW COLUMNS FROM `card_data`')
 5 SYSTEMPATH\Database\BaseConnection.php(1644): CodeIgniter\Database\MySQLi\Connection->_fieldData('`card_data`')
 6 APPPATH\Controllers\Backend.php(16): CodeIgniter\Database\BaseConnection->getFieldData('card_data')
 7 SYSTEMPATH\CodeIgniter.php(933): App\Controllers\Backend->index()
 8 SYSTEMPATH\CodeIgniter.php(507): CodeIgniter\CodeIgniter->runController(Object(App\Controllers\Backend))
 9 SYSTEMPATH\CodeIgniter.php(354): CodeIgniter\CodeIgniter->handleRequest(null, Object(Config\Cache), false)
10 SYSTEMPATH\Boot.php(363): CodeIgniter\CodeIgniter->run()
11 SYSTEMPATH\Boot.php(68): CodeIgniter\Boot::runCodeIgniter(Object(CodeIgniter\CodeIgniter))
12 FCPATH\index.php(59): CodeIgniter\Boot::bootWeb(Object(Config\Paths))
ERROR - 2026-01-29 10:34:17 --> mysqli_sql_exception: Table 'sphereintranet.card_data' doesn't exist in engine in C:\xampp\htdocs\sphereintranet\system\Database\MySQLi\Connection.php:327
Stack trace:
#0 C:\xampp\htdocs\sphereintranet\system\Database\MySQLi\Connection.php(327): mysqli->query('SHOW COLUMNS FR...', 0)
#1 C:\xampp\htdocs\sphereintranet\system\Database\BaseConnection.php(729): CodeIgniter\Database\MySQLi\Connection->execute('SHOW COLUMNS FR...')
#2 C:\xampp\htdocs\sphereintranet\system\Database\BaseConnection.php(646): CodeIgniter\Database\BaseConnection->simpleQuery('SHOW COLUMNS FR...')
#3 C:\xampp\htdocs\sphereintranet\system\Database\MySQLi\Connection.php(452): CodeIgniter\Database\BaseConnection->query('SHOW COLUMNS FR...')
#4 C:\xampp\htdocs\sphereintranet\system\Database\BaseConnection.php(1644): CodeIgniter\Database\MySQLi\Connection->_fieldData('`card_data`')
#5 C:\xampp\htdocs\sphereintranet\app\Controllers\Backend.php(16): CodeIgniter\Database\BaseConnection->getFieldData('card_data')
#6 C:\xampp\htdocs\sphereintranet\system\CodeIgniter.php(933): App\Controllers\Backend->index()
#7 C:\xampp\htdocs\sphereintranet\system\CodeIgniter.php(507): CodeIgniter\CodeIgniter->runController(Object(App\Controllers\Backend))
#8 C:\xampp\htdocs\sphereintranet\system\CodeIgniter.php(354): CodeIgniter\CodeIgniter->handleRequest(NULL, Object(Config\Cache), false)
#9 C:\xampp\htdocs\sphereintranet\system\Boot.php(363): CodeIgniter\CodeIgniter->run()
#10 C:\xampp\htdocs\sphereintranet\system\Boot.php(68): CodeIgniter\Boot::runCodeIgniter(Object(CodeIgniter\CodeIgniter))
#11 C:\xampp\htdocs\sphereintranet\index.php(59): CodeIgniter\Boot::bootWeb(Object(Config\Paths))
#12 {main}
CRITICAL - 2026-01-29 10:34:17 --> CodeIgniter\Database\Exceptions\DatabaseException: Table 'sphereintranet.card_data' doesn't exist in engine
[Method: GET, Route: backend]
in SYSTEMPATH\Database\BaseConnection.php on line 684.
 1 SYSTEMPATH\Database\MySQLi\Connection.php(452): CodeIgniter\Database\BaseConnection->query('SHOW COLUMNS FROM `card_data`')
 2 SYSTEMPATH\Database\BaseConnection.php(1644): CodeIgniter\Database\MySQLi\Connection->_fieldData('`card_data`')
 3 APPPATH\Controllers\Backend.php(16): CodeIgniter\Database\BaseConnection->getFieldData('card_data')
 4 SYSTEMPATH\CodeIgniter.php(933): App\Controllers\Backend->index()
 5 SYSTEMPATH\CodeIgniter.php(507): CodeIgniter\CodeIgniter->runController(Object(App\Controllers\Backend))
 6 SYSTEMPATH\CodeIgniter.php(354): CodeIgniter\CodeIgniter->handleRequest(null, Object(Config\Cache), false)
 7 SYSTEMPATH\Boot.php(363): CodeIgniter\CodeIgniter->run()
 8 SYSTEMPATH\Boot.php(68): CodeIgniter\Boot::runCodeIgniter(Object(CodeIgniter\CodeIgniter))
 9 FCPATH\index.php(59): CodeIgniter\Boot::bootWeb(Object(Config\Paths))
CRITICAL - 2026-01-29 10:34:17 --> [Caused by] CodeIgniter\Database\Exceptions\DatabaseException: Table 'sphereintranet.card_data' doesn't exist in engine
in SYSTEMPATH\Database\MySQLi\Connection.php on line 332.
 1 SYSTEMPATH\Database\BaseConnection.php(729): CodeIgniter\Database\MySQLi\Connection->execute('SHOW COLUMNS FROM `card_data`')
 2 SYSTEMPATH\Database\BaseConnection.php(646): CodeIgniter\Database\BaseConnection->simpleQuery('SHOW COLUMNS FROM `card_data`')
 3 SYSTEMPATH\Database\MySQLi\Connection.php(452): CodeIgniter\Database\BaseConnection->query('SHOW COLUMNS FROM `card_data`')
 4 SYSTEMPATH\Database\BaseConnection.php(1644): CodeIgniter\Database\MySQLi\Connection->_fieldData('`card_data`')
 5 APPPATH\Controllers\Backend.php(16): CodeIgniter\Database\BaseConnection->getFieldData('card_data')
 6 SYSTEMPATH\CodeIgniter.php(933): App\Controllers\Backend->index()
 7 SYSTEMPATH\CodeIgniter.php(507): CodeIgniter\CodeIgniter->runController(Object(App\Controllers\Backend))
 8 SYSTEMPATH\CodeIgniter.php(354): CodeIgniter\CodeIgniter->handleRequest(null, Object(Config\Cache), false)
 9 SYSTEMPATH\Boot.php(363): CodeIgniter\CodeIgniter->run()
10 SYSTEMPATH\Boot.php(68): CodeIgniter\Boot::runCodeIgniter(Object(CodeIgniter\CodeIgniter))
11 FCPATH\index.php(59): CodeIgniter\Boot::bootWeb(Object(Config\Paths))
CRITICAL - 2026-01-29 10:34:17 --> [Caused by] mysqli_sql_exception: Table 'sphereintranet.card_data' doesn't exist in engine
in SYSTEMPATH\Database\MySQLi\Connection.php on line 327.
 1 SYSTEMPATH\Database\MySQLi\Connection.php(327): mysqli->query('SHOW COLUMNS FROM `card_data`', 0)
 2 SYSTEMPATH\Database\BaseConnection.php(729): CodeIgniter\Database\MySQLi\Connection->execute('SHOW COLUMNS FROM `card_data`')
 3 SYSTEMPATH\Database\BaseConnection.php(646): CodeIgniter\Database\BaseConnection->simpleQuery('SHOW COLUMNS FROM `card_data`')
 4 SYSTEMPATH\Database\MySQLi\Connection.php(452): CodeIgniter\Database\BaseConnection->query('SHOW COLUMNS FROM `card_data`')
 5 SYSTEMPATH\Database\BaseConnection.php(1644): CodeIgniter\Database\MySQLi\Connection->_fieldData('`card_data`')
 6 APPPATH\Controllers\Backend.php(16): CodeIgniter\Database\BaseConnection->getFieldData('card_data')
 7 SYSTEMPATH\CodeIgniter.php(933): App\Controllers\Backend->index()
 8 SYSTEMPATH\CodeIgniter.php(507): CodeIgniter\CodeIgniter->runController(Object(App\Controllers\Backend))
 9 SYSTEMPATH\CodeIgniter.php(354): CodeIgniter\CodeIgniter->handleRequest(null, Object(Config\Cache), false)
10 SYSTEMPATH\Boot.php(363): CodeIgniter\CodeIgniter->run()
11 SYSTEMPATH\Boot.php(68): CodeIgniter\Boot::runCodeIgniter(Object(CodeIgniter\CodeIgniter))
12 FCPATH\index.php(59): CodeIgniter\Boot::bootWeb(Object(Config\Paths))
CRITICAL - 2026-01-29 11:04:17 --> ErrorException: Undefined variable $users
[Method: GET, Route: employees/list]
in APPPATH\Controllers\Users.php on line 50.
 1 APPPATH\Controllers\Users.php(50): CodeIgniter\Debug\Exceptions->errorHandler(2, 'Undefined variable $users', 'C:\\xampp\\htdocs\\sphereintranet\\app\\Controllers\\Users.php', 50)
 2 SYSTEMPATH\CodeIgniter.php(933): App\Controllers\Users->fetchUsers()
 3 SYSTEMPATH\CodeIgniter.php(507): CodeIgniter\CodeIgniter->runController(Object(App\Controllers\Users))
 4 SYSTEMPATH\CodeIgniter.php(354): CodeIgniter\CodeIgniter->handleRequest(null, Object(Config\Cache), false)
 5 SYSTEMPATH\Boot.php(363): CodeIgniter\CodeIgniter->run()
 6 SYSTEMPATH\Boot.php(68): CodeIgniter\Boot::runCodeIgniter(Object(CodeIgniter\CodeIgniter))
 7 FCPATH\index.php(59): CodeIgniter\Boot::bootWeb(Object(Config\Paths))
CRITICAL - 2026-01-29 11:04:21 --> ErrorException: Undefined variable $users
[Method: GET, Route: employees/list]
in APPPATH\Controllers\Users.php on line 50.
 1 APPPATH\Controllers\Users.php(50): CodeIgniter\Debug\Exceptions->errorHandler(2, 'Undefined variable $users', 'C:\\xampp\\htdocs\\sphereintranet\\app\\Controllers\\Users.php', 50)
 2 SYSTEMPATH\CodeIgniter.php(933): App\Controllers\Users->fetchUsers()
 3 SYSTEMPATH\CodeIgniter.php(507): CodeIgniter\CodeIgniter->runController(Object(App\Controllers\Users))
 4 SYSTEMPATH\CodeIgniter.php(354): CodeIgniter\CodeIgniter->handleRequest(null, Object(Config\Cache), false)
 5 SYSTEMPATH\Boot.php(363): CodeIgniter\CodeIgniter->run()
 6 SYSTEMPATH\Boot.php(68): CodeIgniter\Boot::runCodeIgniter(Object(CodeIgniter\CodeIgniter))
 7 FCPATH\index.php(59): CodeIgniter\Boot::bootWeb(Object(Config\Paths))
CRITICAL - 2026-01-29 11:05:03 --> ErrorException: Undefined variable $users
[Method: GET, Route: employees/list]
in APPPATH\Controllers\Users.php on line 50.
 1 APPPATH\Controllers\Users.php(50): CodeIgniter\Debug\Exceptions->errorHandler(2, 'Undefined variable $users', 'C:\\xampp\\htdocs\\sphereintranet\\app\\Controllers\\Users.php', 50)
 2 SYSTEMPATH\CodeIgniter.php(933): App\Controllers\Users->fetchUsers()
 3 SYSTEMPATH\CodeIgniter.php(507): CodeIgniter\CodeIgniter->runController(Object(App\Controllers\Users))
 4 SYSTEMPATH\CodeIgniter.php(354): CodeIgniter\CodeIgniter->handleRequest(null, Object(Config\Cache), false)
 5 SYSTEMPATH\Boot.php(363): CodeIgniter\CodeIgniter->run()
 6 SYSTEMPATH\Boot.php(68): CodeIgniter\Boot::runCodeIgniter(Object(CodeIgniter\CodeIgniter))
 7 FCPATH\index.php(59): CodeIgniter\Boot::bootWeb(Object(Config\Paths))
CRITICAL - 2026-01-29 11:09:59 --> ErrorException: Undefined variable $users
[Method: GET, Route: employees/list]
in APPPATH\Controllers\Users.php on line 50.
 1 APPPATH\Controllers\Users.php(50): CodeIgniter\Debug\Exceptions->errorHandler(2, 'Undefined variable $users', 'C:\\xampp\\htdocs\\sphereintranet\\app\\Controllers\\Users.php', 50)
 2 SYSTEMPATH\CodeIgniter.php(933): App\Controllers\Users->fetchUsers()
 3 SYSTEMPATH\CodeIgniter.php(507): CodeIgniter\CodeIgniter->runController(Object(App\Controllers\Users))
 4 SYSTEMPATH\CodeIgniter.php(354): CodeIgniter\CodeIgniter->handleRequest(null, Object(Config\Cache), false)
 5 SYSTEMPATH\Boot.php(363): CodeIgniter\CodeIgniter->run()
 6 SYSTEMPATH\Boot.php(68): CodeIgniter\Boot::runCodeIgniter(Object(CodeIgniter\CodeIgniter))
 7 FCPATH\index.php(59): CodeIgniter\Boot::bootWeb(Object(Config\Paths))
CRITICAL - 2026-01-29 11:10:44 --> ErrorException: Undefined variable $users
[Method: GET, Route: employees/list]
in APPPATH\Controllers\Users.php on line 50.
 1 APPPATH\Controllers\Users.php(50): CodeIgniter\Debug\Exceptions->errorHandler(2, 'Undefined variable $users', 'C:\\xampp\\htdocs\\sphereintranet\\app\\Controllers\\Users.php', 50)
 2 SYSTEMPATH\CodeIgniter.php(933): App\Controllers\Users->fetchUsers()
 3 SYSTEMPATH\CodeIgniter.php(507): CodeIgniter\CodeIgniter->runController(Object(App\Controllers\Users))
 4 SYSTEMPATH\CodeIgniter.php(354): CodeIgniter\CodeIgniter->handleRequest(null, Object(Config\Cache), false)
 5 SYSTEMPATH\Boot.php(363): CodeIgniter\CodeIgniter->run()
 6 SYSTEMPATH\Boot.php(68): CodeIgniter\Boot::runCodeIgniter(Object(CodeIgniter\CodeIgniter))
 7 FCPATH\index.php(59): CodeIgniter\Boot::bootWeb(Object(Config\Paths))
CRITICAL - 2026-01-29 11:11:20 --> ErrorException: Undefined variable $users
[Method: GET, Route: employees/list]
in APPPATH\Controllers\Users.php on line 50.
 1 APPPATH\Controllers\Users.php(50): CodeIgniter\Debug\Exceptions->errorHandler(2, 'Undefined variable $users', 'C:\\xampp\\htdocs\\sphereintranet\\app\\Controllers\\Users.php', 50)
 2 SYSTEMPATH\CodeIgniter.php(933): App\Controllers\Users->fetchUsers()
 3 SYSTEMPATH\CodeIgniter.php(507): CodeIgniter\CodeIgniter->runController(Object(App\Controllers\Users))
 4 SYSTEMPATH\CodeIgniter.php(354): CodeIgniter\CodeIgniter->handleRequest(null, Object(Config\Cache), false)
 5 SYSTEMPATH\Boot.php(363): CodeIgniter\CodeIgniter->run()
 6 SYSTEMPATH\Boot.php(68): CodeIgniter\Boot::runCodeIgniter(Object(CodeIgniter\CodeIgniter))
 7 FCPATH\index.php(59): CodeIgniter\Boot::bootWeb(Object(Config\Paths))
CRITICAL - 2026-01-29 11:12:24 --> ErrorException: include(header.php): Failed to open stream: No such file or directory
[Method: GET, Route: employees/list]
in APPPATH\Views\employee\employee.php on line 3.
 1 APPPATH\Views\employee\employee.php(3): CodeIgniter\Debug\Exceptions->errorHandler(2, 'include(header.php): Failed to open stream: No such file or directory', 'C:\\xampp\\htdocs\\sphereintranet\\app\\Views\\employee\\employee.php', 3)
 2 APPPATH\Views\employee\employee.php(3): include()
 3 SYSTEMPATH\View\View.php(226): include('C:\\xampp\\htdocs\\sphereintranet\\app\\Views\\employee\\employee.php')
 4 SYSTEMPATH\View\View.php(229): CodeIgniter\View\View->CodeIgniter\View\{closure}()
 5 SYSTEMPATH\Common.php(1167): CodeIgniter\View\View->render('employee/employee', [], true)
 6 APPPATH\Controllers\Users.php(50): view('employee/employee', [...])
 7 SYSTEMPATH\CodeIgniter.php(933): App\Controllers\Users->fetchUsers()
 8 SYSTEMPATH\CodeIgniter.php(507): CodeIgniter\CodeIgniter->runController(Object(App\Controllers\Users))
 9 SYSTEMPATH\CodeIgniter.php(354): CodeIgniter\CodeIgniter->handleRequest(null, Object(Config\Cache), false)
10 SYSTEMPATH\Boot.php(363): CodeIgniter\CodeIgniter->run()
11 SYSTEMPATH\Boot.php(68): CodeIgniter\Boot::runCodeIgniter(Object(CodeIgniter\CodeIgniter))
12 FCPATH\index.php(59): CodeIgniter\Boot::bootWeb(Object(Config\Paths))
CRITICAL - 2026-01-29 11:12:34 --> ErrorException: include(header.php): Failed to open stream: No such file or directory
[Method: GET, Route: employees/list]
in APPPATH\Views\employee\employee.php on line 2.
 1 APPPATH\Views\employee\employee.php(2): CodeIgniter\Debug\Exceptions->errorHandler(2, 'include(header.php): Failed to open stream: No such file or directory', 'C:\\xampp\\htdocs\\sphereintranet\\app\\Views\\employee\\employee.php', 2)
 2 APPPATH\Views\employee\employee.php(2): include()
 3 SYSTEMPATH\View\View.php(226): include('C:\\xampp\\htdocs\\sphereintranet\\app\\Views\\employee\\employee.php')
 4 SYSTEMPATH\View\View.php(229): CodeIgniter\View\View->CodeIgniter\View\{closure}()
 5 SYSTEMPATH\Common.php(1167): CodeIgniter\View\View->render('employee/employee', [], true)
 6 APPPATH\Controllers\Users.php(50): view('employee/employee', [...])
 7 SYSTEMPATH\CodeIgniter.php(933): App\Controllers\Users->fetchUsers()
 8 SYSTEMPATH\CodeIgniter.php(507): CodeIgniter\CodeIgniter->runController(Object(App\Controllers\Users))
 9 SYSTEMPATH\CodeIgniter.php(354): CodeIgniter\CodeIgniter->handleRequest(null, Object(Config\Cache), false)
10 SYSTEMPATH\Boot.php(363): CodeIgniter\CodeIgniter->run()
11 SYSTEMPATH\Boot.php(68): CodeIgniter\Boot::runCodeIgniter(Object(CodeIgniter\CodeIgniter))
12 FCPATH\index.php(59): CodeIgniter\Boot::bootWeb(Object(Config\Paths))
CRITICAL - 2026-01-29 12:04:16 --> CodeIgniter\View\Exceptions\ViewException: Invalid file: "resource/resource_data_center.php"
[Method: GET, Route: resources]
in SYSTEMPATH\Exceptions\FrameworkException.php on line 39.
 1 SYSTEMPATH\View\View.php(214): CodeIgniter\Exceptions\FrameworkException::forInvalidFile('resource/resource_data_center.php')
 2 SYSTEMPATH\Common.php(1167): CodeIgniter\View\View->render('resource/resource_data_center', [], true)
 3 APPPATH\Controllers\Resource.php(10): view('resource/resource_data_center')
 4 SYSTEMPATH\CodeIgniter.php(933): App\Controllers\Resource->index()
 5 SYSTEMPATH\CodeIgniter.php(507): CodeIgniter\CodeIgniter->runController(Object(App\Controllers\Resource))
 6 SYSTEMPATH\CodeIgniter.php(354): CodeIgniter\CodeIgniter->handleRequest(null, Object(Config\Cache), false)
 7 SYSTEMPATH\Boot.php(363): CodeIgniter\CodeIgniter->run()
 8 SYSTEMPATH\Boot.php(68): CodeIgniter\Boot::runCodeIgniter(Object(CodeIgniter\CodeIgniter))
 9 FCPATH\index.php(59): CodeIgniter\Boot::bootWeb(Object(Config\Paths))
CRITICAL - 2026-01-29 12:04:33 --> CodeIgniter\View\Exceptions\ViewException: Invalid file: "resource/resource_data_center.php"
[Method: GET, Route: resources]
in SYSTEMPATH\Exceptions\FrameworkException.php on line 39.
 1 SYSTEMPATH\View\View.php(214): CodeIgniter\Exceptions\FrameworkException::forInvalidFile('resource/resource_data_center.php')
 2 SYSTEMPATH\Common.php(1167): CodeIgniter\View\View->render('resource/resource_data_center', [], true)
 3 APPPATH\Controllers\Resource.php(8): view('resource/resource_data_center')
 4 SYSTEMPATH\CodeIgniter.php(933): App\Controllers\Resource->index()
 5 SYSTEMPATH\CodeIgniter.php(507): CodeIgniter\CodeIgniter->runController(Object(App\Controllers\Resource))
 6 SYSTEMPATH\CodeIgniter.php(354): CodeIgniter\CodeIgniter->handleRequest(null, Object(Config\Cache), false)
 7 SYSTEMPATH\Boot.php(363): CodeIgniter\CodeIgniter->run()
 8 SYSTEMPATH\Boot.php(68): CodeIgniter\Boot::runCodeIgniter(Object(CodeIgniter\CodeIgniter))
 9 FCPATH\index.php(59): CodeIgniter\Boot::bootWeb(Object(Config\Paths))
CRITICAL - 2026-01-29 12:05:37 --> ErrorException: include(header.php): Failed to open stream: No such file or directory
[Method: GET, Route: resources]
in APPPATH\Views\resource\resource_data_center.php on line 2.
 1 APPPATH\Views\resource\resource_data_center.php(2): CodeIgniter\Debug\Exceptions->errorHandler(2, 'include(header.php): Failed to open stream: No such file or directory', 'C:\\xampp\\htdocs\\sphereintranet\\app\\Views\\resource\\resource_data_center.php', 2)
 2 APPPATH\Views\resource\resource_data_center.php(2): include()
 3 SYSTEMPATH\View\View.php(226): include('C:\\xampp\\htdocs\\sphereintranet\\app\\Views\\resource\\resource_data_center.php')
 4 SYSTEMPATH\View\View.php(229): CodeIgniter\View\View->CodeIgniter\View\{closure}()
 5 SYSTEMPATH\Common.php(1167): CodeIgniter\View\View->render('resource/resource_data_center', [], true)
 6 APPPATH\Controllers\Resource.php(8): view('resource/resource_data_center')
 7 SYSTEMPATH\CodeIgniter.php(933): App\Controllers\Resource->index()
 8 SYSTEMPATH\CodeIgniter.php(507): CodeIgniter\CodeIgniter->runController(Object(App\Controllers\Resource))
 9 SYSTEMPATH\CodeIgniter.php(354): CodeIgniter\CodeIgniter->handleRequest(null, Object(Config\Cache), false)
10 SYSTEMPATH\Boot.php(363): CodeIgniter\CodeIgniter->run()
11 SYSTEMPATH\Boot.php(68): CodeIgniter\Boot::runCodeIgniter(Object(CodeIgniter\CodeIgniter))
12 FCPATH\index.php(59): CodeIgniter\Boot::bootWeb(Object(Config\Paths))
